<?xml version="1.0" encoding="UTF-8"?>
<!-- Generated by org.testng.reporters.JUnitReportReporter -->
<testsuite hostname="DESKTOP-UG71NEM" failures="0" tests="1" name="PassTestCases.TC_01_LoginTest" time="28.837" errors="0" timestamp="2024-02-11T09:55:42 IST" skipped="0">
  <testcase classname="PassTestCases.TC_01_LoginTest" name="loginTest" time="28.837"/>
  <system-out/>
</testsuite> <!-- PassTestCases.TC_01_LoginTest -->
